{"/home/carlos/Documentos/nuxt-tests-jest/pages/NewPage/index.vue": {"path":"/home/carlos/Documentos/nuxt-tests-jest/pages/NewPage/index.vue","statementMap":{"0":{"start":{"line":21,"column":0},"end":{"line":21,"column":null}},"1":{"start":{"line":23,"column":0},"end":{"line":23,"column":null}},"2":{"start":{"line":24,"column":0},"end":{"line":24,"column":null}},"3":{"start":{"line":26,"column":0},"end":{"line":26,"column":null}},"4":{"start":{"line":27,"column":0},"end":{"line":27,"column":null}},"5":{"start":{"line":31,"column":0},"end":{"line":31,"column":null}}},"fnMap":{"0":{"name":"(anonymous_2)","decl":{"start":{"line":23,"column":0},"end":{"line":23,"column":null}},"loc":{"start":{"line":23,"column":0},"end":{"line":33,"column":null}}},"1":{"name":"(anonymous_3)","decl":{"start":{"line":25,"column":0},"end":{"line":25,"column":null}},"loc":{"start":{"line":25,"column":0},"end":{"line":28,"column":null}}},"2":{"name":"(anonymous_4)","decl":{"start":{"line":30,"column":0},"end":{"line":30,"column":null}},"loc":{"start":{"line":30,"column":0},"end":{"line":32,"column":null}}}},"branchMap":{},"s":{"0":1,"1":2,"2":1,"3":2,"4":2,"5":1},"f":{"0":1,"1":2,"2":1},"b":{}}
}
